<?xml version="1.0" encoding="UTF-8"?>
<!-- Generated by org.testng.reporters.JUnitXMLReporter -->
<testsuite hostname="DESKTOP-9UK4KTH" ignored="0" name="Test" tests="13" failures="2" timestamp="2021-08-13T15:38:20 IST" time="646.572" errors="0">
  <testcase name="runScenario" time="68.362" classname="io.cucumber.testng.AbstractTestNGCucumberTests"/>
  <testcase name="runScenario" time="46.003" classname="io.cucumber.testng.AbstractTestNGCucumberTests"/>
  <testcase name="runScenario" time="48.353" classname="io.cucumber.testng.AbstractTestNGCucumberTests">
    <failure type="java.lang.AssertionError" message="expected [Thanks for creating alert, we will reach out to you with matching ads] but found []">
      <![CDATA[java.lang.AssertionError: expected [Thanks for creating alert, we will reach out to you with matching ads] but found []
at stepdefinition.defect3withoutemailid.an_alert_should_be_created(defect3withoutemailid.java:82)
at ✽.an alert should be created(file:///E:/New%20folder/abc/eclipsefiles/quikrtestngg/features/defect.feature:16)
... Removed 5 stack frames]]>
    </failure>
  </testcase> <!-- runScenario -->
  <testcase name="runScenario" time="59.715" classname="io.cucumber.testng.AbstractTestNGCucumberTests">
    <failure type="java.lang.AssertionError" message="expected [Thanks for creating alert, we will reach out to you with matching ads] but found []">
      <![CDATA[java.lang.AssertionError: expected [Thanks for creating alert, we will reach out to you with matching ads] but found []
at stepdefinition.defect4withoutSIM.it_Should_create_alert(defect4withoutSIM.java:77)
at ✽.it Should create alert(file:///E:/New%20folder/abc/eclipsefiles/quikrtestngg/features/defect.feature:21)
... Removed 5 stack frames]]>
    </failure>
  </testcase> <!-- runScenario -->
  <testcase name="runScenario" time="38.601" classname="io.cucumber.testng.AbstractTestNGCucumberTests"/>
  <testcase name="runScenario" time="52.813" classname="io.cucumber.testng.AbstractTestNGCucumberTests"/>
  <testcase name="runScenario" time="48.953" classname="io.cucumber.testng.AbstractTestNGCucumberTests"/>
  <testcase name="runScenario" time="33.38" classname="io.cucumber.testng.AbstractTestNGCucumberTests"/>
  <testcase name="runScenario" time="48.025" classname="io.cucumber.testng.AbstractTestNGCucumberTests"/>
  <testcase name="runScenario" time="73.91" classname="io.cucumber.testng.AbstractTestNGCucumberTests"/>
  <testcase name="runScenario" time="29.708" classname="io.cucumber.testng.AbstractTestNGCucumberTests"/>
  <testcase name="runScenario" time="51.71" classname="io.cucumber.testng.AbstractTestNGCucumberTests"/>
  <testcase name="runScenario" time="45.202" classname="io.cucumber.testng.AbstractTestNGCucumberTests"/>
</testsuite> <!-- Test -->
